<?xml version="1.0" encoding="UTF-8"?>
<!-- Generated by org.testng.reporters.JUnitReportReporter -->
<testsuite hostname="LP-PF2AZ5RQ" failures="0" tests="1" name="com.itc.testcases.EditChangeNotice" time="36.929" errors="0" timestamp="2023-09-06T18:17:22 IST" skipped="0">
  <testcase classname="com.itc.testcases.EditChangeNotice" name="reassignchangerequest" time="36.929"/>
  <system-out/>
</testsuite> <!-- com.itc.testcases.EditChangeNotice -->
