<?xml version="1.0" encoding="UTF-8"?>
<!-- Generated by org.testng.reporters.JUnitReportReporter -->
<testsuite hostname="LP-4HXR324" failures="0" tests="1" name="com.itc.testcases.CreateBOMRedline" time="47.477" errors="0" timestamp="2025-09-11T15:44:12 IST" skipped="0">
  <testcase classname="com.itc.testcases.CreateBOMRedline" name="createBOMRedline" time="47.477"/>
</testsuite> <!-- com.itc.testcases.CreateBOMRedline -->
