<?xml version="1.0" encoding="UTF-8"?>
<!-- Generated by org.testng.reporters.JUnitReportReporter -->
<testsuite hostname="LP-4HXR324" failures="0" tests="1" name="com.itc.testcases.Createnewpart" time="27.579" errors="0" timestamp="2025-09-11T18:50:03 IST" skipped="0">
  <testcase classname="com.itc.testcases.Createnewpart" name="verifyCreatenewpart" time="27.579"/>
</testsuite> <!-- com.itc.testcases.Createnewpart -->
