<?xml version="1.0" encoding="UTF-8"?>
<!-- Generated by org.testng.reporters.JUnitReportReporter -->
<testsuite hostname="LP-4CQR324" failures="0" tests="1" name="com.itc.testcases.UpdatePart" time="42.991" errors="0" timestamp="2025-08-20T09:44:07 IST" skipped="0">
  <testcase classname="com.itc.testcases.UpdatePart" name="updatepart" time="42.991"/>
</testsuite> <!-- com.itc.testcases.UpdatePart -->
