<?xml version="1.0" encoding="UTF-8"?>
<!-- Generated by org.testng.reporters.JUnitReportReporter -->
<testsuite hostname="LP-4CQR324" failures="0" tests="1" name="com.itc.testcases.LoginErrorSNTicketCreation" time="14.682" errors="0" timestamp="2025-08-18T23:21:21 IST" skipped="0">
  <testcase classname="com.itc.testcases.LoginErrorSNTicketCreation" name="loginErrorSNTicketCreation" time="14.682">
    <system-out>
      <![CDATA[SNOW Incedent Number: INC0014816]]>
    </system-out>
  </testcase> <!-- loginErrorSNTicketCreation -->
  <system-out>
    <![CDATA[SNOW Incedent Number: INC0014816]]>
  </system-out>
</testsuite> <!-- com.itc.testcases.LoginErrorSNTicketCreation -->
