<?xml version="1.0" encoding="UTF-8"?>
<!-- Generated by org.testng.reporters.JUnitReportReporter -->
<testsuite hostname="LP-4CQR324" failures="0" tests="1" name="com.itc.testcases.CreatePromotionRequest" time="88.485" errors="0" timestamp="2025-08-20T10:00:17 IST" skipped="0">
  <testcase classname="com.itc.testcases.CreatePromotionRequest" name="createPromotionRequest" time="88.485"/>
</testsuite> <!-- com.itc.testcases.CreatePromotionRequest -->
