<?xml version="1.0" encoding="UTF-8"?>
<!-- Generated by org.testng.reporters.JUnitReportReporter -->
<testsuite hostname="LP-4CQR324" failures="0" tests="1" name="com.itc.testcases.UpdatePromotionRequest" time="60.330" errors="0" timestamp="2025-08-20T19:17:36 IST" skipped="0">
  <testcase classname="com.itc.testcases.UpdatePromotionRequest" name="updatePromotionRequest" time="60.330"/>
</testsuite> <!-- com.itc.testcases.UpdatePromotionRequest -->
