<?xml version="1.0" encoding="UTF-8"?>
<!-- Generated by org.testng.reporters.JUnitReportReporter -->
<testsuite hostname="LP-4CQR324" failures="0" tests="1" name="com.itc.testcases.CreateDocument2" time="20.812" errors="0" timestamp="2025-08-19T08:47:04 IST" skipped="0">
  <testcase classname="com.itc.testcases.CreateDocument2" name="verifyCreateDocument" time="20.812"/>
</testsuite> <!-- com.itc.testcases.CreateDocument2 -->
