<?xml version="1.0" encoding="UTF-8"?>
<!-- Generated by org.testng.reporters.JUnitReportReporter -->
<testsuite hostname="LP-PF2AZ5RQ" failures="0" tests="1" name="com.itc.testcases.ReassignChangeRequest" time="78.802" errors="0" timestamp="2023-08-23T17:21:43 IST" skipped="0">
  <testcase classname="com.itc.testcases.ReassignChangeRequest" name="reassignchangerequest" time="78.802"/>
  <system-out/>
</testsuite> <!-- com.itc.testcases.ReassignChangeRequest -->
