<?xml version="1.0" encoding="UTF-8"?>
<!-- Generated by org.testng.reporters.JUnitReportReporter -->
<testsuite hostname="LP-4CQR324" failures="0" tests="1" name="com.itc.testcases.CreateProblemReport" time="30.539" errors="0" timestamp="2025-08-20T16:15:45 IST" skipped="0">
  <testcase classname="com.itc.testcases.CreateProblemReport" name="createProblemReport" time="30.539"/>
</testsuite> <!-- com.itc.testcases.CreateProblemReport -->
