<?xml version="1.0" encoding="UTF-8"?>
<!-- Generated by org.testng.reporters.JUnitReportReporter -->
<testsuite hostname="LP-4CQR324" failures="0" tests="1" name="com.itc.testcases.ReassignPromotionRequest" time="109.374" errors="0" timestamp="2025-08-22T17:07:44 IST" skipped="0">
  <testcase classname="com.itc.testcases.ReassignPromotionRequest" name="reassignPromotionRequest" time="109.374"/>
</testsuite> <!-- com.itc.testcases.ReassignPromotionRequest -->
