<?xml version="1.0" encoding="UTF-8"?>
<!-- Generated by org.testng.reporters.JUnitReportReporter -->
<testsuite hostname="LP-5CD3441HN5" failures="0" tests="1" name="com.itc.Winchill.AppTest" time="0.010" errors="0" timestamp="2025-05-23T15:00:39 IST" skipped="0">
  <testcase classname="com.itc.Winchill.AppTest" name="shouldAnswerWithTrue" time="0.010"/>
  <system-out/>
</testsuite> <!-- com.itc.Winchill.AppTest -->
