<?xml version="1.0" encoding="UTF-8"?>
<!-- Generated by org.testng.reporters.JUnitReportReporter -->
<testsuite hostname="LP-4CQR324" failures="0" tests="1" name="com.itc.testcases.DeletePart" time="52.480" errors="0" timestamp="2025-08-19T23:35:09 IST" skipped="0">
  <testcase classname="com.itc.testcases.DeletePart" name="deletepart" time="52.480"/>
</testsuite> <!-- com.itc.testcases.DeletePart -->
