<?xml version="1.0" encoding="UTF-8"?>
<!-- Generated by org.testng.reporters.JUnitReportReporter -->
<testsuite hostname="LP-4HXR324" failures="0" tests="1" name="com.itc.testcases.CreateEPMDocument" time="30.623" errors="0" timestamp="2025-09-12T00:41:40 IST" skipped="0">
  <testcase classname="com.itc.testcases.CreateEPMDocument" name="verifyCreateEPMDocument" time="30.623"/>
</testsuite> <!-- com.itc.testcases.CreateEPMDocument -->
