<?xml version="1.0" encoding="UTF-8"?>
<!-- Generated by org.testng.reporters.JUnitReportReporter -->
<testsuite hostname="LP-4CQR324" failures="0" tests="1" name="com.itc.testcases.UpdateProblemReport" time="39.812" errors="0" timestamp="2025-08-19T23:20:09 IST" skipped="0">
  <testcase classname="com.itc.testcases.UpdateProblemReport" name="updateProblemReport" time="39.812"/>
</testsuite> <!-- com.itc.testcases.UpdateProblemReport -->
