<?xml version="1.0" encoding="UTF-8"?>
<!-- Generated by org.testng.reporters.JUnitReportReporter -->
<testsuite hostname="LP-4CQR324" failures="0" tests="1" name="com.itc.testcases.ViewPart" time="8.747" errors="0" timestamp="2025-08-19T21:42:04 IST" skipped="0">
  <testcase classname="com.itc.testcases.ViewPart" name="viewpart" time="8.747"/>
</testsuite> <!-- com.itc.testcases.ViewPart -->
