<?xml version="1.0" encoding="UTF-8"?>
<!-- Generated by org.testng.reporters.JUnitReportReporter -->
<testsuite hostname="LP-4CQR324" failures="0" tests="1" name="com.itc.testcases.Login" time="7.321" errors="0" timestamp="2025-08-18T17:32:18 IST" skipped="0">
  <testcase classname="com.itc.testcases.Login" name="Login" time="7.321"/>
</testsuite> <!-- com.itc.testcases.Login -->
