<?xml version="1.0" encoding="UTF-8"?>
<!-- Generated by org.testng.reporters.JUnitReportReporter -->
<testsuite hostname="LP-4CQR324" failures="0" tests="1" name="com.itc.testcases.ReassignProblemReport" time="33.566" errors="0" timestamp="2025-08-21T18:38:35 IST" skipped="0">
  <testcase classname="com.itc.testcases.ReassignProblemReport" name="createProblemReport" time="33.566"/>
</testsuite> <!-- com.itc.testcases.ReassignProblemReport -->
