<?xml version="1.0" encoding="UTF-8"?>
<!-- Generated by org.testng.reporters.JUnitReportReporter -->
<testsuite hostname="LP-PF2AZ5RQ" failures="0" tests="1" name="com.itc.testcases.UpdateChangeNotice" time="48.534" errors="0" timestamp="2023-09-07T13:13:41 IST" skipped="0">
  <testcase classname="com.itc.testcases.UpdateChangeNotice" name="reassignchangerequest" time="48.534"/>
  <system-out/>
</testsuite> <!-- com.itc.testcases.UpdateChangeNotice -->
