<?xml version="1.0" encoding="UTF-8"?>
<!-- Generated by org.testng.reporters.JUnitReportReporter -->
<testsuite hostname="LP-4CQR324" failures="0" tests="1" name="com.itc.testcases.CreateDocument" time="6.982" errors="0" timestamp="2025-08-18T15:34:52 IST" skipped="0">
  <testcase classname="com.itc.testcases.CreateDocument" name="verifyCreateDocument" time="6.982"/>
</testsuite> <!-- com.itc.testcases.CreateDocument -->
